Flow report for Kamal_Faheem_SRAMLab
Wed Mar 13 14:51:17 2019
Quartus II 64-Bit Version 13.0.1 Build 232 06/12/2013 Service Pack 1 SJ Web Edition


---------------------
; Table of Contents ;
---------------------
  1. Legal Notice
  2. Flow Summary
  3. Flow Settings
  4. Flow Non-Default Global Settings
  5. Flow Elapsed Time
  6. Flow OS Summary
  7. Flow Log
  8. Flow Messages
  9. Flow Suppressed Messages



----------------
; Legal Notice ;
----------------
Copyright (C) 1991-2013 Altera Corporation
Your use of Altera Corporation's design tools, logic functions 
and other software and tools, and its AMPP partner logic 
functions, and any output files from any of the foregoing 
(including device programming or simulation files), and any 
associated documentation or information are expressly subject 
to the terms and conditions of the Altera Program License 
Subscription Agreement, Altera MegaCore Function License 
Agreement, or other applicable license agreement, including, 
without limitation, that your use is for the sole purpose of 
programming logic devices manufactured by Altera and sold by 
Altera or its authorized distributors.  Please refer to the 
applicable agreement for further details.



+--------------------------------------------------------------------------------------+
; Flow Summary                                                                         ;
+------------------------------------+-------------------------------------------------+
; Flow Status                        ; Successful - Wed Mar 13 14:51:17 2019           ;
; Quartus II 64-Bit Version          ; 13.0.1 Build 232 06/12/2013 SP 1 SJ Web Edition ;
; Revision Name                      ; Kamal_Faheem_SRAMLab                            ;
; Top-level Entity Name              ; Kamal_dectohex2                                 ;
; Family                             ; Cyclone IV E                                    ;
; Device                             ; EP4CE115F29C7                                   ;
; Timing Models                      ; Final                                           ;
; Total logic elements               ; 0 / 114,480 ( 0 % )                             ;
;     Total combinational functions  ; 0 / 114,480 ( 0 % )                             ;
;     Dedicated logic registers      ; 0 / 114,480 ( 0 % )                             ;
; Total registers                    ; 0                                               ;
; Total pins                         ; 11 / 529 ( 2 % )                                ;
; Total virtual pins                 ; 0                                               ;
; Total memory bits                  ; 0 / 3,981,312 ( 0 % )                           ;
; Embedded Multiplier 9-bit elements ; 0 / 532 ( 0 % )                                 ;
; Total PLLs                         ; 0 / 4 ( 0 % )                                   ;
+------------------------------------+-------------------------------------------------+


+------------------------------------------+
; Flow Settings                            ;
+-------------------+----------------------+
; Option            ; Setting              ;
+-------------------+----------------------+
; Start date & time ; 03/13/2019 14:50:51  ;
; Main task         ; Compilation          ;
; Revision Name     ; Kamal_Faheem_SRAMLab ;
+-------------------+----------------------+


+--------------------------------------------------------------------------------------------------------------------------------+
; Flow Non-Default Global Settings                                                                                               ;
+-------------------------------------+--------------------------------+----------------------+-----------------+----------------+
; Assignment Name                     ; Value                          ; Default Value        ; Entity Name     ; Section Id     ;
+-------------------------------------+--------------------------------+----------------------+-----------------+----------------+
; COMPILER_SIGNATURE_ID               ; 53447176876193.155250305113576 ; --                   ; --              ; --             ;
; EDA_GENERATE_FUNCTIONAL_NETLIST     ; On                             ; --                   ; --              ; eda_simulation ;
; EDA_OUTPUT_DATA_FORMAT              ; Verilog Hdl                    ; --                   ; --              ; eda_simulation ;
; EDA_SIMULATION_TOOL                 ; ModelSim-Altera (Verilog)      ; <None>               ; --              ; --             ;
; IP_TOOL_NAME                        ; LPM_DECODE                     ; --                   ; --              ; --             ;
; IP_TOOL_VERSION                     ; 13.0                           ; --                   ; --              ; --             ;
; MAX_CORE_JUNCTION_TEMP              ; 85                             ; --                   ; --              ; --             ;
; MIN_CORE_JUNCTION_TEMP              ; 0                              ; --                   ; --              ; --             ;
; MISC_FILE                           ; Kamal_Faheem_5to32Decoder.bsf  ; --                   ; --              ; --             ;
; MISC_FILE                           ; Kamal_Faheem_5to32Decoder.cmp  ; --                   ; --              ; --             ;
; PARTITION_COLOR                     ; 16764057                       ; --                   ; Kamal_dectohex2 ; Top            ;
; PARTITION_FITTER_PRESERVATION_LEVEL ; PLACEMENT_AND_ROUTING          ; --                   ; Kamal_dectohex2 ; Top            ;
; PARTITION_NETLIST_TYPE              ; SOURCE                         ; --                   ; Kamal_dectohex2 ; Top            ;
; PROJECT_OUTPUT_DIRECTORY            ; output_files                   ; --                   ; --              ; --             ;
; TOP_LEVEL_ENTITY                    ; Kamal_dectohex2                ; Kamal_Faheem_SRAMLab ; --              ; --             ;
+-------------------------------------+--------------------------------+----------------------+-----------------+----------------+


+-------------------------------------------------------------------------------------------------------------------------------+
; Flow Elapsed Time                                                                                                             ;
+---------------------------+--------------+-------------------------+---------------------+------------------------------------+
; Module Name               ; Elapsed Time ; Average Processors Used ; Peak Virtual Memory ; Total CPU Time (on all processors) ;
+---------------------------+--------------+-------------------------+---------------------+------------------------------------+
; Analysis & Synthesis      ; 00:00:02     ; 1.0                     ; 4667 MB             ; 00:00:02                           ;
; Fitter                    ; 00:00:12     ; 1.0                     ; 5082 MB             ; 00:00:12                           ;
; Assembler                 ; 00:00:04     ; 1.0                     ; 4573 MB             ; 00:00:04                           ;
; TimeQuest Timing Analyzer ; 00:00:03     ; 1.0                     ; 4666 MB             ; 00:00:02                           ;
; EDA Netlist Writer        ; 00:00:00     ; 1.0                     ; 4537 MB             ; 00:00:00                           ;
; Total                     ; 00:00:21     ; --                      ; --                  ; 00:00:20                           ;
+---------------------------+--------------+-------------------------+---------------------+------------------------------------+


+----------------------------------------------------------------------------------------+
; Flow OS Summary                                                                        ;
+---------------------------+------------------+-----------+------------+----------------+
; Module Name               ; Machine Hostname ; OS Name   ; OS Version ; Processor type ;
+---------------------------+------------------+-----------+------------+----------------+
; Analysis & Synthesis      ; MSI              ; Windows 7 ; 6.2        ; x86_64         ;
; Fitter                    ; MSI              ; Windows 7 ; 6.2        ; x86_64         ;
; Assembler                 ; MSI              ; Windows 7 ; 6.2        ; x86_64         ;
; TimeQuest Timing Analyzer ; MSI              ; Windows 7 ; 6.2        ; x86_64         ;
; EDA Netlist Writer        ; MSI              ; Windows 7 ; 6.2        ; x86_64         ;
+---------------------------+------------------+-----------+------------+----------------+


------------
; Flow Log ;
------------
quartus_map --read_settings_files=on --write_settings_files=off Kamal_Faheem_SRAMLab -c Kamal_Faheem_SRAMLab
quartus_fit --read_settings_files=off --write_settings_files=off Kamal_Faheem_SRAMLab -c Kamal_Faheem_SRAMLab
quartus_asm --read_settings_files=off --write_settings_files=off Kamal_Faheem_SRAMLab -c Kamal_Faheem_SRAMLab
quartus_sta Kamal_Faheem_SRAMLab -c Kamal_Faheem_SRAMLab
quartus_eda --read_settings_files=off --write_settings_files=off Kamal_Faheem_SRAMLab -c Kamal_Faheem_SRAMLab



