Flow report for lab1part3
Wed Feb 20 09:35:30 2019
Quartus II 64-Bit Version 13.0.1 Build 232 06/12/2013 Service Pack 1 SJ Web Edition


---------------------
; Table of Contents ;
---------------------
  1. Legal Notice
  2. Flow Summary
  3. Flow Settings
  4. Flow Non-Default Global Settings
  5. Flow Elapsed Time
  6. Flow OS Summary
  7. Flow Log
  8. Flow Messages
  9. Flow Suppressed Messages



----------------
; Legal Notice ;
----------------
Copyright (C) 1991-2013 Altera Corporation
Your use of Altera Corporation's design tools, logic functions 
and other software and tools, and its AMPP partner logic 
functions, and any output files from any of the foregoing 
(including device programming or simulation files), and any 
associated documentation or information are expressly subject 
to the terms and conditions of the Altera Program License 
Subscription Agreement, Altera MegaCore Function License 
Agreement, or other applicable license agreement, including, 
without limitation, that your use is for the sole purpose of 
programming logic devices manufactured by Altera and sold by 
Altera or its authorized distributors.  Please refer to the 
applicable agreement for further details.



+--------------------------------------------------------------------------------------+
; Flow Summary                                                                         ;
+------------------------------------+-------------------------------------------------+
; Flow Status                        ; Successful - Wed Feb 20 09:35:30 2019           ;
; Quartus II 64-Bit Version          ; 13.0.1 Build 232 06/12/2013 SP 1 SJ Web Edition ;
; Revision Name                      ; lab1part3                                       ;
; Top-level Entity Name              ; kamal_muxLPM                                    ;
; Family                             ; Cyclone II                                      ;
; Device                             ; EP2C35F672C6                                    ;
; Timing Models                      ; Final                                           ;
; Total logic elements               ; 1 / 33,216 ( < 1 % )                            ;
;     Total combinational functions  ; 1 / 33,216 ( < 1 % )                            ;
;     Dedicated logic registers      ; 0 / 33,216 ( 0 % )                              ;
; Total registers                    ; 0                                               ;
; Total pins                         ; 4 / 475 ( < 1 % )                               ;
; Total virtual pins                 ; 0                                               ;
; Total memory bits                  ; 0 / 483,840 ( 0 % )                             ;
; Embedded Multiplier 9-bit elements ; 0 / 70 ( 0 % )                                  ;
; Total PLLs                         ; 0 / 4 ( 0 % )                                   ;
+------------------------------------+-------------------------------------------------+


+-----------------------------------------+
; Flow Settings                           ;
+-------------------+---------------------+
; Option            ; Setting             ;
+-------------------+---------------------+
; Start date & time ; 02/15/2019 12:28:39 ;
; Main task         ; Compilation         ;
; Revision Name     ; lab1part3           ;
+-------------------+---------------------+


+----------------------------------------------------------------------------------------------------------------------+
; Flow Non-Default Global Settings                                                                                     ;
+-------------------------------------+--------------------------------+---------------+--------------+----------------+
; Assignment Name                     ; Value                          ; Default Value ; Entity Name  ; Section Id     ;
+-------------------------------------+--------------------------------+---------------+--------------+----------------+
; COMPILER_SIGNATURE_ID               ; 53447176876193.155025171925116 ; --            ; --           ; --             ;
; EDA_GENERATE_FUNCTIONAL_NETLIST     ; On                             ; --            ; --           ; eda_simulation ;
; EDA_OUTPUT_DATA_FORMAT              ; Verilog Hdl                    ; --            ; --           ; eda_simulation ;
; EDA_SIMULATION_TOOL                 ; ModelSim-Altera (Verilog)      ; <None>        ; --           ; --             ;
; IP_TOOL_NAME                        ; LPM_MUX                        ; --            ; --           ; --             ;
; IP_TOOL_VERSION                     ; 13.0                           ; --            ; --           ; --             ;
; MAX_CORE_JUNCTION_TEMP              ; 85                             ; --            ; --           ; --             ;
; MIN_CORE_JUNCTION_TEMP              ; 0                              ; --            ; --           ; --             ;
; MISC_FILE                           ; kamal_muxLPM.cmp               ; --            ; --           ; --             ;
; PARTITION_COLOR                     ; 16764057                       ; --            ; kamal_muxLPM ; Top            ;
; PARTITION_FITTER_PRESERVATION_LEVEL ; PLACEMENT_AND_ROUTING          ; --            ; kamal_muxLPM ; Top            ;
; PARTITION_NETLIST_TYPE              ; SOURCE                         ; --            ; kamal_muxLPM ; Top            ;
; PROJECT_OUTPUT_DIRECTORY            ; output_files                   ; --            ; --           ; --             ;
; TOP_LEVEL_ENTITY                    ; kamal_muxLPM                   ; lab1part3     ; --           ; --             ;
+-------------------------------------+--------------------------------+---------------+--------------+----------------+


+-------------------------------------------------------------------------------------------------------------------------------+
; Flow Elapsed Time                                                                                                             ;
+---------------------------+--------------+-------------------------+---------------------+------------------------------------+
; Module Name               ; Elapsed Time ; Average Processors Used ; Peak Virtual Memory ; Total CPU Time (on all processors) ;
+---------------------------+--------------+-------------------------+---------------------+------------------------------------+
; Analysis & Synthesis      ; 00:00:03     ; 1.0                     ; 4670 MB             ; 00:00:02                           ;
; Fitter                    ; 00:00:04     ; 1.0                     ; 4894 MB             ; 00:00:04                           ;
; Assembler                 ; 00:00:01     ; 1.0                     ; 4579 MB             ; 00:00:02                           ;
; TimeQuest Timing Analyzer ; 00:00:01     ; 1.0                     ; 4559 MB             ; 00:00:01                           ;
; EDA Netlist Writer        ; 00:00:01     ; 1.0                     ; 4531 MB             ; 00:00:00                           ;
; EDA Netlist Writer        ; 00:00:01     ; 1.0                     ; 4539 MB             ; 00:00:01                           ;
; EDA Netlist Writer        ; 00:00:01     ; 1.0                     ; 4539 MB             ; 00:00:01                           ;
; EDA Netlist Writer        ; 00:00:01     ; 1.0                     ; 4539 MB             ; 00:00:01                           ;
; EDA Netlist Writer        ; 00:00:01     ; 1.0                     ; 4539 MB             ; 00:00:01                           ;
; Total                     ; 00:00:14     ; --                      ; --                  ; 00:00:13                           ;
+---------------------------+--------------+-------------------------+---------------------+------------------------------------+


+----------------------------------------------------------------------------------------+
; Flow OS Summary                                                                        ;
+---------------------------+------------------+-----------+------------+----------------+
; Module Name               ; Machine Hostname ; OS Name   ; OS Version ; Processor type ;
+---------------------------+------------------+-----------+------------+----------------+
; Analysis & Synthesis      ; MSI              ; Windows 7 ; 6.2        ; x86_64         ;
; Fitter                    ; MSI              ; Windows 7 ; 6.2        ; x86_64         ;
; Assembler                 ; MSI              ; Windows 7 ; 6.2        ; x86_64         ;
; TimeQuest Timing Analyzer ; MSI              ; Windows 7 ; 6.2        ; x86_64         ;
; EDA Netlist Writer        ; MSI              ; Windows 7 ; 6.2        ; x86_64         ;
; EDA Netlist Writer        ; MSI              ; Windows 7 ; 6.2        ; x86_64         ;
; EDA Netlist Writer        ; MSI              ; Windows 7 ; 6.2        ; x86_64         ;
; EDA Netlist Writer        ; MSI              ; Windows 7 ; 6.2        ; x86_64         ;
; EDA Netlist Writer        ; MSI              ; Windows 7 ; 6.2        ; x86_64         ;
+---------------------------+------------------+-----------+------------+----------------+


------------
; Flow Log ;
------------
quartus_map --read_settings_files=on --write_settings_files=off lab1part3 -c lab1part3
quartus_fit --read_settings_files=off --write_settings_files=off lab1part3 -c lab1part3
quartus_asm --read_settings_files=off --write_settings_files=off lab1part3 -c lab1part3
quartus_sta lab1part3 -c lab1part3
quartus_eda --read_settings_files=off --write_settings_files=off lab1part3 -c lab1part3
quartus_eda --gen_testbench --check_outputs=on --tool=modelsim_oem --format=verilog lab1part3 -c lab1part3 --vector_source=C:/altera/13.0sp1/Files/Lab1Part3/kamal_muxLPMwaveform.vwf --testbench_file=./simulation/qsim/lab1part3.vt
quartus_eda --functional=on --simulation=on --tool=modelsim_oem --format=verilog lab1part3 -c lab1part3
quartus_eda --gen_testbench --check_outputs=on --tool=modelsim_oem --format=verilog lab1part3 -c lab1part3 --vector_source=C:/altera/13.0sp1/Files/Lab1Part3/kamal_muxLPMwaveform.vwf --testbench_file=./simulation/qsim/lab1part3.vt
quartus_eda --functional=on --simulation=on --tool=modelsim_oem --format=verilog lab1part3 -c lab1part3



